New log file opened at Wed Aug 26 09:05:09 BRT 2015 by 11011@leibniz.local
Sending msg to client activator-eee3e74c-f14d-4076-b05f-f46f26ba4225: DetachedLogEvent(LogMessage(debug,sbt server socket logs are in: /Users/didox/projects/java/Java-Test-App/DidoxMovimentosMatematicos/.sbtserver/connections/master.log))
Sending msg to client activator-eee3e74c-f14d-4076-b05f-f46f26ba4225: DetachedLogEvent(LogMessage(debug,sbt client logs are in: /Users/didox/projects/java/Java-Test-App/DidoxMovimentosMatematicos/.sbtserver/connections/activator-eee3e74c-f14d-4076-b05f-f46f26ba4225.log))
Sending msg to client activator-eee3e74c-f14d-4076-b05f-f46f26ba4225: DetachedLogEvent(LogMessage(debug,sbt general server logs are in: /Users/didox/projects/java/Java-Test-App/DidoxMovimentosMatematicos/.sbtserver/master.log))
Dropping message DetachedLogEvent(LogMessage(debug,sbt client logs are in: /Users/didox/projects/java/Java-Test-App/DidoxMovimentosMatematicos/.sbtserver/connections/activator-eee3e74c-f14d-4076-b05f-f46f26ba4225.log)) because client activator-eee3e74c-f14d-4076-b05f-f46f26ba4225 of an exception serializing and sending: java.net.SocketException: Broken pipe
stack trace sending message was 
java.net.SocketException: Broken pipe
	at java.net.SocketOutputStream.socketWrite0(Native Method)
	at java.net.SocketOutputStream.socketWrite(SocketOutputStream.java:113)
	at java.net.SocketOutputStream.write(SocketOutputStream.java:159)
	at java.io.BufferedOutputStream.flushBuffer(BufferedOutputStream.java:82)
	at java.io.BufferedOutputStream.flush(BufferedOutputStream.java:140)
	at java.io.DataOutputStream.flush(DataOutputStream.java:123)
	at sbt.impl.ipc.Peer.send(IPC.scala:79)
	at sbt.impl.ipc.Peer.send(IPC.scala:83)
	at sbt.impl.ipc.Peer.sendString(IPC.scala:106)
	at sbt.impl.ipc.Peer.sendJson(IPC.scala:119)
	at sbt.server.SbtClientHandler$$anonfun$send$1.apply$mcV$sp(SbtClientHandler.scala:128)
	at sbt.server.SbtClientHandler.wrappedSend(SbtClientHandler.scala:113)
	at sbt.server.SbtClientHandler.send(SbtClientHandler.scala:128)
	at sbt.server.SbtClientHandler$clientThread$.run(SbtClientHandler.scala:42)
Dropping message DetachedLogEvent(LogMessage(debug,sbt general server logs are in: /Users/didox/projects/java/Java-Test-App/DidoxMovimentosMatematicos/.sbtserver/master.log)) because client activator-eee3e74c-f14d-4076-b05f-f46f26ba4225 of an exception serializing and sending: java.net.SocketException: Broken pipe
stack trace sending message was 
java.net.SocketException: Broken pipe
	at java.net.SocketOutputStream.socketWrite0(Native Method)
	at java.net.SocketOutputStream.socketWrite(SocketOutputStream.java:113)
	at java.net.SocketOutputStream.write(SocketOutputStream.java:159)
	at java.io.BufferedOutputStream.flushBuffer(BufferedOutputStream.java:82)
	at java.io.BufferedOutputStream.flush(BufferedOutputStream.java:140)
	at java.io.DataOutputStream.flush(DataOutputStream.java:123)
	at sbt.impl.ipc.Peer.send(IPC.scala:79)
	at sbt.impl.ipc.Peer.send(IPC.scala:83)
	at sbt.impl.ipc.Peer.sendString(IPC.scala:106)
	at sbt.impl.ipc.Peer.sendJson(IPC.scala:119)
	at sbt.server.SbtClientHandler$$anonfun$send$1.apply$mcV$sp(SbtClientHandler.scala:128)
	at sbt.server.SbtClientHandler.wrappedSend(SbtClientHandler.scala:113)
	at sbt.server.SbtClientHandler.send(SbtClientHandler.scala:128)
	at sbt.server.SbtServerSocketHandler$$anon$1.run(SbtServerSocketHandler.scala:92)
Reading next message from client.
Client activator-eee3e74c-f14d-4076-b05f-f46f26ba4225 closed, java.net.SocketException: socket is closed, shutting down
Dropping message (0,ReceivedResponse()) to dead client activator-eee3e74c-f14d-4076-b05f-f46f26ba4225
Client activator-eee3e74c-f14d-4076-b05f-f46f26ba4225 thread exiting.
